2022-05-24 00:07:42,961 INFO [capacityManagement] start correct usage

2022-05-24 00:07:42,972 INFO [capacityManagement] end correct usage, cost: 0s

2022-05-24 00:07:43,355 WARN clearConfigHistory start

2022-05-24 00:17:42,984 INFO [capacityManagement] start correct usage

2022-05-24 00:17:42,984 INFO [capacityManagement] end correct usage, cost: 0s

2022-05-24 00:17:43,358 WARN clearConfigHistory start

2022-05-24 00:27:42,988 INFO [capacityManagement] start correct usage

2022-05-24 00:27:43,000 INFO [capacityManagement] end correct usage, cost: 0s

2022-05-24 00:27:43,365 WARN clearConfigHistory start

2022-05-24 00:37:43,008 INFO [capacityManagement] start correct usage

2022-05-24 00:37:43,008 INFO [capacityManagement] end correct usage, cost: 0s

2022-05-24 00:37:43,394 WARN clearConfigHistory start

2022-05-24 00:47:43,025 INFO [capacityManagement] start correct usage

2022-05-24 00:47:43,025 INFO [capacityManagement] end correct usage, cost: 0s

2022-05-24 00:47:43,407 WARN clearConfigHistory start

2022-05-24 00:57:43,038 INFO [capacityManagement] start correct usage

2022-05-24 00:57:43,038 INFO [capacityManagement] end correct usage, cost: 0s

2022-05-24 00:57:43,417 WARN clearConfigHistory start

2022-05-24 01:07:43,047 INFO [capacityManagement] start correct usage

2022-05-24 01:07:43,047 INFO [capacityManagement] end correct usage, cost: 0s

2022-05-24 01:07:43,435 WARN clearConfigHistory start

2022-05-24 01:17:43,054 INFO [capacityManagement] start correct usage

2022-05-24 01:17:43,054 INFO [capacityManagement] end correct usage, cost: 0s

2022-05-24 01:17:43,449 WARN clearConfigHistory start

2022-05-24 01:27:43,055 INFO [capacityManagement] start correct usage

2022-05-24 01:27:43,055 INFO [capacityManagement] end correct usage, cost: 0s

2022-05-24 01:27:43,451 WARN clearConfigHistory start

2022-05-24 01:37:43,061 INFO [capacityManagement] start correct usage

2022-05-24 01:37:43,061 INFO [capacityManagement] end correct usage, cost: 0s

2022-05-24 01:37:43,465 WARN clearConfigHistory start

2022-05-24 01:47:43,065 INFO [capacityManagement] start correct usage

2022-05-24 01:47:43,065 INFO [capacityManagement] end correct usage, cost: 0s

2022-05-24 01:47:43,469 WARN clearConfigHistory start

2022-05-24 01:57:43,094 INFO [capacityManagement] start correct usage

2022-05-24 01:57:43,094 INFO [capacityManagement] end correct usage, cost: 0s

2022-05-24 01:57:43,483 WARN clearConfigHistory start

2022-05-24 02:07:43,096 INFO [capacityManagement] start correct usage

2022-05-24 02:07:43,096 INFO [capacityManagement] end correct usage, cost: 0s

2022-05-24 02:07:43,496 WARN clearConfigHistory start

2022-05-24 02:17:43,110 INFO [capacityManagement] start correct usage

2022-05-24 02:17:43,110 INFO [capacityManagement] end correct usage, cost: 0s

2022-05-24 02:17:43,501 WARN clearConfigHistory start

2022-05-24 02:27:43,121 INFO [capacityManagement] start correct usage

2022-05-24 02:27:43,121 INFO [capacityManagement] end correct usage, cost: 0s

2022-05-24 02:27:43,511 WARN clearConfigHistory start

2022-05-24 02:37:43,127 INFO [capacityManagement] start correct usage

2022-05-24 02:37:43,127 INFO [capacityManagement] end correct usage, cost: 0s

2022-05-24 02:37:43,518 WARN clearConfigHistory start

2022-05-24 02:47:43,135 INFO [capacityManagement] start correct usage

2022-05-24 02:47:43,135 INFO [capacityManagement] end correct usage, cost: 0s

2022-05-24 02:47:43,538 WARN clearConfigHistory start

2022-05-24 02:57:43,153 INFO [capacityManagement] start correct usage

2022-05-24 02:57:43,153 INFO [capacityManagement] end correct usage, cost: 0s

2022-05-24 02:57:43,553 WARN clearConfigHistory start

2022-05-24 03:07:43,168 INFO [capacityManagement] start correct usage

2022-05-24 03:07:43,168 INFO [capacityManagement] end correct usage, cost: 0s

2022-05-24 03:07:43,557 WARN clearConfigHistory start

2022-05-24 03:17:43,169 INFO [capacityManagement] start correct usage

2022-05-24 03:17:43,169 INFO [capacityManagement] end correct usage, cost: 0s

2022-05-24 03:17:43,574 WARN clearConfigHistory start

2022-05-24 03:27:43,177 INFO [capacityManagement] start correct usage

2022-05-24 03:27:43,177 INFO [capacityManagement] end correct usage, cost: 0s

2022-05-24 03:27:43,582 WARN clearConfigHistory start

2022-05-24 03:37:43,192 INFO [capacityManagement] start correct usage

2022-05-24 03:37:43,192 INFO [capacityManagement] end correct usage, cost: 0s

2022-05-24 03:37:43,583 WARN clearConfigHistory start

2022-05-24 03:47:43,203 INFO [capacityManagement] start correct usage

2022-05-24 03:47:43,203 INFO [capacityManagement] end correct usage, cost: 0s

2022-05-24 03:47:43,609 WARN clearConfigHistory start

2022-05-24 03:57:43,208 INFO [capacityManagement] start correct usage

2022-05-24 03:57:43,208 INFO [capacityManagement] end correct usage, cost: 0s

2022-05-24 03:57:43,611 WARN clearConfigHistory start

2022-05-24 04:07:43,220 INFO [capacityManagement] start correct usage

2022-05-24 04:07:43,220 INFO [capacityManagement] end correct usage, cost: 0s

2022-05-24 04:07:43,612 WARN clearConfigHistory start

2022-05-24 04:17:43,232 INFO [capacityManagement] start correct usage

2022-05-24 04:17:43,232 INFO [capacityManagement] end correct usage, cost: 0s

2022-05-24 04:17:43,620 WARN clearConfigHistory start

2022-05-24 04:27:43,240 INFO [capacityManagement] start correct usage

2022-05-24 04:27:43,240 INFO [capacityManagement] end correct usage, cost: 0s

2022-05-24 04:27:43,630 WARN clearConfigHistory start

2022-05-24 04:37:43,250 INFO [capacityManagement] start correct usage

2022-05-24 04:37:43,250 INFO [capacityManagement] end correct usage, cost: 0s

2022-05-24 04:37:43,642 WARN clearConfigHistory start

2022-05-24 04:47:43,257 INFO [capacityManagement] start correct usage

2022-05-24 04:47:43,257 INFO [capacityManagement] end correct usage, cost: 0s

2022-05-24 04:47:43,655 WARN clearConfigHistory start

2022-05-24 04:57:43,267 INFO [capacityManagement] start correct usage

2022-05-24 04:57:43,267 INFO [capacityManagement] end correct usage, cost: 0s

2022-05-24 04:57:43,674 WARN clearConfigHistory start

2022-05-24 05:07:43,275 INFO [capacityManagement] start correct usage

2022-05-24 05:07:43,275 INFO [capacityManagement] end correct usage, cost: 0s

2022-05-24 05:07:43,679 WARN clearConfigHistory start

2022-05-24 05:17:43,289 INFO [capacityManagement] start correct usage

2022-05-24 05:17:43,289 INFO [capacityManagement] end correct usage, cost: 0s

2022-05-24 05:17:43,691 WARN clearConfigHistory start

2022-05-24 05:27:43,295 INFO [capacityManagement] start correct usage

2022-05-24 05:27:43,295 INFO [capacityManagement] end correct usage, cost: 0s

2022-05-24 05:27:43,700 WARN clearConfigHistory start

2022-05-24 05:37:43,305 INFO [capacityManagement] start correct usage

2022-05-24 05:37:43,305 INFO [capacityManagement] end correct usage, cost: 0s

2022-05-24 05:37:43,710 WARN clearConfigHistory start

2022-05-24 05:47:43,318 INFO [capacityManagement] start correct usage

2022-05-24 05:47:43,319 INFO [capacityManagement] end correct usage, cost: 0s

2022-05-24 05:47:43,711 WARN clearConfigHistory start

2022-05-24 05:57:43,321 INFO [capacityManagement] start correct usage

2022-05-24 05:57:43,322 INFO [capacityManagement] end correct usage, cost: 0s

2022-05-24 05:57:43,721 WARN clearConfigHistory start

2022-05-24 06:07:43,333 INFO [capacityManagement] start correct usage

2022-05-24 06:07:43,333 INFO [capacityManagement] end correct usage, cost: 0s

2022-05-24 06:07:43,737 WARN clearConfigHistory start

2022-05-24 06:17:43,339 INFO [capacityManagement] start correct usage

2022-05-24 06:17:43,340 INFO [capacityManagement] end correct usage, cost: 0s

2022-05-24 06:17:43,751 WARN clearConfigHistory start

2022-05-24 06:27:43,341 INFO [capacityManagement] start correct usage

2022-05-24 06:27:43,341 INFO [capacityManagement] end correct usage, cost: 0s

2022-05-24 06:27:43,760 WARN clearConfigHistory start

2022-05-24 06:37:43,348 INFO [capacityManagement] start correct usage

2022-05-24 06:37:43,349 INFO [capacityManagement] end correct usage, cost: 0s

2022-05-24 06:37:43,762 WARN clearConfigHistory start

2022-05-24 06:47:43,349 INFO [capacityManagement] start correct usage

2022-05-24 06:47:43,349 INFO [capacityManagement] end correct usage, cost: 0s

2022-05-24 06:47:43,770 WARN clearConfigHistory start

2022-05-24 06:57:43,368 INFO [capacityManagement] start correct usage

2022-05-24 06:57:43,368 INFO [capacityManagement] end correct usage, cost: 0s

2022-05-24 06:57:43,789 WARN clearConfigHistory start

2022-05-24 07:07:43,381 INFO [capacityManagement] start correct usage

2022-05-24 07:07:43,381 INFO [capacityManagement] end correct usage, cost: 0s

2022-05-24 07:07:43,800 WARN clearConfigHistory start

2022-05-24 07:17:43,383 INFO [capacityManagement] start correct usage

2022-05-24 07:17:43,383 INFO [capacityManagement] end correct usage, cost: 0s

2022-05-24 07:17:43,802 WARN clearConfigHistory start

2022-05-24 07:27:43,396 INFO [capacityManagement] start correct usage

2022-05-24 07:27:43,396 INFO [capacityManagement] end correct usage, cost: 0s

2022-05-24 07:27:43,821 WARN clearConfigHistory start

2022-05-24 07:37:43,397 INFO [capacityManagement] start correct usage

2022-05-24 07:37:43,397 INFO [capacityManagement] end correct usage, cost: 0s

2022-05-24 07:37:43,828 WARN clearConfigHistory start

2022-05-24 07:47:43,408 INFO [capacityManagement] start correct usage

2022-05-24 07:47:43,408 INFO [capacityManagement] end correct usage, cost: 0s

2022-05-24 07:47:43,844 WARN clearConfigHistory start

2022-05-24 07:57:43,410 INFO [capacityManagement] start correct usage

2022-05-24 07:57:43,410 INFO [capacityManagement] end correct usage, cost: 0s

2022-05-24 07:57:43,852 WARN clearConfigHistory start

2022-05-24 08:07:43,414 INFO [capacityManagement] start correct usage

2022-05-24 08:07:43,414 INFO [capacityManagement] end correct usage, cost: 0s

2022-05-24 08:07:43,864 WARN clearConfigHistory start

2022-05-24 08:17:43,417 INFO [capacityManagement] start correct usage

2022-05-24 08:17:43,417 INFO [capacityManagement] end correct usage, cost: 0s

2022-05-24 08:17:43,868 WARN clearConfigHistory start

2022-05-24 08:27:43,432 INFO [capacityManagement] start correct usage

2022-05-24 08:27:43,432 INFO [capacityManagement] end correct usage, cost: 0s

2022-05-24 08:27:43,883 WARN clearConfigHistory start

2022-05-24 08:37:43,446 INFO [capacityManagement] start correct usage

2022-05-24 08:37:43,447 INFO [capacityManagement] end correct usage, cost: 0s

2022-05-24 08:37:43,888 WARN clearConfigHistory start

2022-05-24 08:47:43,474 INFO [capacityManagement] start correct usage

2022-05-24 08:47:43,474 INFO [capacityManagement] end correct usage, cost: 0s

2022-05-24 08:47:43,894 WARN clearConfigHistory start

2022-05-24 08:57:43,493 INFO [capacityManagement] start correct usage

2022-05-24 08:57:43,493 INFO [capacityManagement] end correct usage, cost: 0s

2022-05-24 08:57:43,912 WARN clearConfigHistory start

2022-05-24 09:07:43,504 INFO [capacityManagement] start correct usage

2022-05-24 09:07:43,504 INFO [capacityManagement] end correct usage, cost: 0s

2022-05-24 09:07:43,921 WARN clearConfigHistory start

2022-05-24 09:17:43,515 INFO [capacityManagement] start correct usage

2022-05-24 09:17:43,515 INFO [capacityManagement] end correct usage, cost: 0s

2022-05-24 09:17:43,936 WARN clearConfigHistory start

2022-05-24 09:27:43,521 INFO [capacityManagement] start correct usage

2022-05-24 09:27:43,521 INFO [capacityManagement] end correct usage, cost: 0s

2022-05-24 09:27:43,942 WARN clearConfigHistory start

2022-05-24 09:37:43,526 INFO [capacityManagement] start correct usage

2022-05-24 09:37:43,526 INFO [capacityManagement] end correct usage, cost: 0s

2022-05-24 09:37:43,956 WARN clearConfigHistory start

2022-05-24 09:47:43,537 INFO [capacityManagement] start correct usage

2022-05-24 09:47:43,537 INFO [capacityManagement] end correct usage, cost: 0s

2022-05-24 09:47:43,970 WARN clearConfigHistory start

2022-05-24 09:57:43,550 INFO [capacityManagement] start correct usage

2022-05-24 09:57:43,550 INFO [capacityManagement] end correct usage, cost: 0s

2022-05-24 09:57:43,976 WARN clearConfigHistory start

2022-05-24 10:07:43,561 INFO [capacityManagement] start correct usage

2022-05-24 10:07:43,561 INFO [capacityManagement] end correct usage, cost: 0s

2022-05-24 10:07:43,986 WARN clearConfigHistory start

2022-05-24 10:17:43,574 INFO [capacityManagement] start correct usage

2022-05-24 10:17:43,574 INFO [capacityManagement] end correct usage, cost: 0s

2022-05-24 10:17:44,009 WARN clearConfigHistory start

2022-05-24 10:27:43,595 INFO [capacityManagement] start correct usage

2022-05-24 10:27:43,595 INFO [capacityManagement] end correct usage, cost: 0s

2022-05-24 10:27:44,011 WARN clearConfigHistory start

2022-05-24 10:37:43,599 INFO [capacityManagement] start correct usage

2022-05-24 10:37:43,599 INFO [capacityManagement] end correct usage, cost: 0s

2022-05-24 10:37:44,032 WARN clearConfigHistory start

2022-05-24 10:51:23,460 INFO Starting Nacos v1.4.1 on LAPTOP-LICJJGD1 with PID 9884 (E:\workStudy\microService\nacos1\target\nacos-server.jar started by 11813 in E:\workStudy\microService\nacos1\bin)

2022-05-24 10:51:23,460 INFO The following profiles are active: standalone

2022-05-24 10:51:30,811 INFO Bean 'org.springframework.security.access.expression.method.DefaultMethodSecurityExpressionHandler@6057aebb' of type [org.springframework.security.access.expression.method.DefaultMethodSecurityExpressionHandler] is not eligible for getting processed by all BeanPostProcessors (for example: not eligible for auto-proxying)

2022-05-24 10:51:30,821 INFO Bean 'methodSecurityMetadataSource' of type [org.springframework.security.access.method.DelegatingMethodSecurityMetadataSource] is not eligible for getting processed by all BeanPostProcessors (for example: not eligible for auto-proxying)

2022-05-24 10:51:31,898 INFO Tomcat initialized with port(s): 8845 (http)

2022-05-24 10:51:31,935 INFO Starting service [Tomcat]

2022-05-24 10:51:31,935 INFO Starting Servlet engine: [Apache Tomcat/9.0.38]

2022-05-24 10:51:32,382 INFO At least one JAR was scanned for TLDs yet contained no TLDs. Enable debug logging for this logger for a complete list of JARs that were scanned but no TLDs were found in them. Skipping unneeded JARs during scanning can improve startup time and JSP compilation time.

2022-05-24 10:51:32,425 INFO Initializing Spring embedded WebApplicationContext

2022-05-24 10:51:32,425 INFO Root WebApplicationContext: initialization completed in 8847 ms

2022-05-24 10:51:32,896 INFO HikariPool-1 - Starting...

2022-05-24 10:51:33,192 INFO HikariPool-1 - Start completed.

2022-05-24 10:51:34,090 INFO Nacos-related cluster resource initialization

2022-05-24 10:51:34,111 INFO The cluster resource is initialized

2022-05-24 10:51:34,897 INFO Reflections took 70 ms to scan 1 urls, producing 4 keys and 6 values 

2022-05-24 10:51:34,929 INFO Reflections took 4 ms to scan 1 urls, producing 6 keys and 26 values 

2022-05-24 10:51:34,949 INFO Reflections took 6 ms to scan 1 urls, producing 3 keys and 15 values 

2022-05-24 10:51:34,964 INFO Reflections took 2 ms to scan 1 urls, producing 2 keys and 12 values 

2022-05-24 10:51:35,857 INFO Initializing ExecutorService 'applicationTaskExecutor'

2022-05-24 10:51:36,058 INFO Adding welcome page: class path resource [static/index.html]

2022-05-24 10:51:36,724 INFO Creating filter chain: Ant [pattern='/**'], []

2022-05-24 10:51:36,781 INFO Creating filter chain: any request, [org.springframework.security.web.context.request.async.WebAsyncManagerIntegrationFilter@30b34287, org.springframework.security.web.context.SecurityContextPersistenceFilter@67af833b, org.springframework.security.web.header.HeaderWriterFilter@b93aad, org.springframework.security.web.csrf.CsrfFilter@2ca47471, org.springframework.security.web.authentication.logout.LogoutFilter@26b894bd, org.springframework.security.web.savedrequest.RequestCacheAwareFilter@41394595, org.springframework.security.web.servletapi.SecurityContextHolderAwareRequestFilter@5769e7ae, org.springframework.security.web.authentication.AnonymousAuthenticationFilter@5489c777, org.springframework.security.web.session.SessionManagementFilter@2f3c6ac4, org.springframework.security.web.access.ExceptionTranslationFilter@51768776]

2022-05-24 10:51:36,974 INFO Initializing ExecutorService 'taskScheduler'

2022-05-24 10:51:37,165 INFO Exposing 2 endpoint(s) beneath base path '/actuator'

2022-05-24 10:51:37,294 INFO Tomcat started on port(s): 8845 (http) with context path '/nacos'

2022-05-24 10:51:37,297 INFO Started Nacos in 16.695 seconds (JVM running for 17.664)

2022-05-24 10:51:37,298 INFO Nacos started successfully in stand alone mode. use external storage

2022-05-24 11:01:35,186 INFO [capacityManagement] start correct usage

2022-05-24 11:01:35,194 INFO [capacityManagement] end correct usage, cost: 0s

2022-05-24 11:01:35,311 WARN clearConfigHistory start

2022-05-24 11:07:17,371 INFO Starting Nacos v1.4.1 on LAPTOP-LICJJGD1 with PID 2728 (E:\workStudy\microService\nacos1\target\nacos-server.jar started by 11813 in E:\workStudy\microService\nacos1\bin)

2022-05-24 11:07:17,371 INFO The following profiles are active: standalone

2022-05-24 11:07:22,984 INFO Bean 'org.springframework.security.access.expression.method.DefaultMethodSecurityExpressionHandler@5082d622' of type [org.springframework.security.access.expression.method.DefaultMethodSecurityExpressionHandler] is not eligible for getting processed by all BeanPostProcessors (for example: not eligible for auto-proxying)

2022-05-24 11:07:22,997 INFO Bean 'methodSecurityMetadataSource' of type [org.springframework.security.access.method.DelegatingMethodSecurityMetadataSource] is not eligible for getting processed by all BeanPostProcessors (for example: not eligible for auto-proxying)

2022-05-24 11:07:24,147 INFO Tomcat initialized with port(s): 8845 (http)

2022-05-24 11:07:24,199 INFO Starting service [Tomcat]

2022-05-24 11:07:24,200 INFO Starting Servlet engine: [Apache Tomcat/9.0.38]

2022-05-24 11:07:24,759 INFO At least one JAR was scanned for TLDs yet contained no TLDs. Enable debug logging for this logger for a complete list of JARs that were scanned but no TLDs were found in them. Skipping unneeded JARs during scanning can improve startup time and JSP compilation time.

2022-05-24 11:07:24,803 INFO Initializing Spring embedded WebApplicationContext

2022-05-24 11:07:24,803 INFO Root WebApplicationContext: initialization completed in 7340 ms

2022-05-24 11:07:25,284 INFO HikariPool-1 - Starting...

2022-05-24 11:07:25,830 INFO HikariPool-1 - Start completed.

2022-05-24 11:07:26,955 INFO Nacos-related cluster resource initialization

2022-05-24 11:07:26,972 INFO The cluster resource is initialized

2022-05-24 11:07:27,759 INFO Reflections took 67 ms to scan 1 urls, producing 4 keys and 6 values 

2022-05-24 11:07:27,799 INFO Reflections took 7 ms to scan 1 urls, producing 6 keys and 26 values 

2022-05-24 11:07:27,823 INFO Reflections took 6 ms to scan 1 urls, producing 3 keys and 15 values 

2022-05-24 11:07:27,839 INFO Reflections took 3 ms to scan 1 urls, producing 2 keys and 12 values 

2022-05-24 11:07:28,810 INFO Initializing ExecutorService 'applicationTaskExecutor'

2022-05-24 11:07:29,011 INFO Adding welcome page: class path resource [static/index.html]

2022-05-24 11:07:29,660 INFO Creating filter chain: Ant [pattern='/**'], []

2022-05-24 11:07:29,701 INFO Creating filter chain: any request, [org.springframework.security.web.context.request.async.WebAsyncManagerIntegrationFilter@37fbe4a8, org.springframework.security.web.context.SecurityContextPersistenceFilter@35293c05, org.springframework.security.web.header.HeaderWriterFilter@4b4dd216, org.springframework.security.web.csrf.CsrfFilter@23c388c2, org.springframework.security.web.authentication.logout.LogoutFilter@560513ce, org.springframework.security.web.savedrequest.RequestCacheAwareFilter@2db2dd9d, org.springframework.security.web.servletapi.SecurityContextHolderAwareRequestFilter@7adbd080, org.springframework.security.web.authentication.AnonymousAuthenticationFilter@352c308, org.springframework.security.web.session.SessionManagementFilter@5a62b2a4, org.springframework.security.web.access.ExceptionTranslationFilter@f713686]

2022-05-24 11:07:30,004 INFO Initializing ExecutorService 'taskScheduler'

2022-05-24 11:07:30,025 INFO Exposing 2 endpoint(s) beneath base path '/actuator'

2022-05-24 11:07:30,145 INFO Tomcat started on port(s): 8845 (http) with context path '/nacos'

2022-05-24 11:07:30,149 INFO Started Nacos in 14.99 seconds (JVM running for 15.963)

2022-05-24 11:07:30,149 INFO Nacos started successfully in stand alone mode. use external storage

2022-05-24 11:17:28,101 INFO [capacityManagement] start correct usage

2022-05-24 11:17:28,124 INFO [capacityManagement] end correct usage, cost: 0s

2022-05-24 11:17:28,242 WARN clearConfigHistory start

