2022-05-24 00:07:42,961 INFO [capacityManagement] start correct usage

2022-05-24 00:07:42,972 INFO [capacityManagement] end correct usage, cost: 0s

2022-05-24 00:07:43,355 WARN clearConfigHistory start

2022-05-24 00:17:42,984 INFO [capacityManagement] start correct usage

2022-05-24 00:17:42,984 INFO [capacityManagement] end correct usage, cost: 0s

2022-05-24 00:17:43,358 WARN clearConfigHistory start

2022-05-24 00:27:42,988 INFO [capacityManagement] start correct usage

2022-05-24 00:27:43,000 INFO [capacityManagement] end correct usage, cost: 0s

2022-05-24 00:27:43,365 WARN clearConfigHistory start

2022-05-24 00:37:43,008 INFO [capacityManagement] start correct usage

2022-05-24 00:37:43,008 INFO [capacityManagement] end correct usage, cost: 0s

2022-05-24 00:37:43,394 WARN clearConfigHistory start

2022-05-24 00:47:43,025 INFO [capacityManagement] start correct usage

2022-05-24 00:47:43,025 INFO [capacityManagement] end correct usage, cost: 0s

2022-05-24 00:47:43,407 WARN clearConfigHistory start

2022-05-24 00:57:43,038 INFO [capacityManagement] start correct usage

2022-05-24 00:57:43,038 INFO [capacityManagement] end correct usage, cost: 0s

2022-05-24 00:57:43,417 WARN clearConfigHistory start

2022-05-24 01:07:43,047 INFO [capacityManagement] start correct usage

2022-05-24 01:07:43,047 INFO [capacityManagement] end correct usage, cost: 0s

2022-05-24 01:07:43,435 WARN clearConfigHistory start

2022-05-24 01:17:43,054 INFO [capacityManagement] start correct usage

2022-05-24 01:17:43,054 INFO [capacityManagement] end correct usage, cost: 0s

2022-05-24 01:17:43,449 WARN clearConfigHistory start

2022-05-24 01:27:43,055 INFO [capacityManagement] start correct usage

2022-05-24 01:27:43,055 INFO [capacityManagement] end correct usage, cost: 0s

2022-05-24 01:27:43,451 WARN clearConfigHistory start

2022-05-24 01:37:43,061 INFO [capacityManagement] start correct usage

2022-05-24 01:37:43,061 INFO [capacityManagement] end correct usage, cost: 0s

2022-05-24 01:37:43,465 WARN clearConfigHistory start

2022-05-24 01:47:43,065 INFO [capacityManagement] start correct usage

2022-05-24 01:47:43,065 INFO [capacityManagement] end correct usage, cost: 0s

2022-05-24 01:47:43,469 WARN clearConfigHistory start

2022-05-24 01:57:43,094 INFO [capacityManagement] start correct usage

2022-05-24 01:57:43,094 INFO [capacityManagement] end correct usage, cost: 0s

2022-05-24 01:57:43,483 WARN clearConfigHistory start

2022-05-24 02:07:43,096 INFO [capacityManagement] start correct usage

2022-05-24 02:07:43,096 INFO [capacityManagement] end correct usage, cost: 0s

2022-05-24 02:07:43,496 WARN clearConfigHistory start

2022-05-24 02:17:43,110 INFO [capacityManagement] start correct usage

2022-05-24 02:17:43,110 INFO [capacityManagement] end correct usage, cost: 0s

2022-05-24 02:17:43,501 WARN clearConfigHistory start

2022-05-24 02:27:43,121 INFO [capacityManagement] start correct usage

2022-05-24 02:27:43,121 INFO [capacityManagement] end correct usage, cost: 0s

2022-05-24 02:27:43,511 WARN clearConfigHistory start

2022-05-24 02:37:43,127 INFO [capacityManagement] start correct usage

2022-05-24 02:37:43,127 INFO [capacityManagement] end correct usage, cost: 0s

2022-05-24 02:37:43,518 WARN clearConfigHistory start

2022-05-24 02:47:43,135 INFO [capacityManagement] start correct usage

2022-05-24 02:47:43,135 INFO [capacityManagement] end correct usage, cost: 0s

2022-05-24 02:47:43,538 WARN clearConfigHistory start

2022-05-24 02:57:43,153 INFO [capacityManagement] start correct usage

2022-05-24 02:57:43,153 INFO [capacityManagement] end correct usage, cost: 0s

2022-05-24 02:57:43,553 WARN clearConfigHistory start

2022-05-24 03:07:43,168 INFO [capacityManagement] start correct usage

2022-05-24 03:07:43,168 INFO [capacityManagement] end correct usage, cost: 0s

2022-05-24 03:07:43,557 WARN clearConfigHistory start

2022-05-24 03:17:43,169 INFO [capacityManagement] start correct usage

2022-05-24 03:17:43,169 INFO [capacityManagement] end correct usage, cost: 0s

2022-05-24 03:17:43,574 WARN clearConfigHistory start

2022-05-24 03:27:43,177 INFO [capacityManagement] start correct usage

2022-05-24 03:27:43,177 INFO [capacityManagement] end correct usage, cost: 0s

2022-05-24 03:27:43,582 WARN clearConfigHistory start

2022-05-24 03:37:43,192 INFO [capacityManagement] start correct usage

2022-05-24 03:37:43,192 INFO [capacityManagement] end correct usage, cost: 0s

2022-05-24 03:37:43,583 WARN clearConfigHistory start

2022-05-24 03:47:43,203 INFO [capacityManagement] start correct usage

2022-05-24 03:47:43,203 INFO [capacityManagement] end correct usage, cost: 0s

2022-05-24 03:47:43,609 WARN clearConfigHistory start

2022-05-24 03:57:43,208 INFO [capacityManagement] start correct usage

2022-05-24 03:57:43,208 INFO [capacityManagement] end correct usage, cost: 0s

2022-05-24 03:57:43,611 WARN clearConfigHistory start

2022-05-24 04:07:43,220 INFO [capacityManagement] start correct usage

2022-05-24 04:07:43,220 INFO [capacityManagement] end correct usage, cost: 0s

2022-05-24 04:07:43,612 WARN clearConfigHistory start

2022-05-24 04:17:43,232 INFO [capacityManagement] start correct usage

2022-05-24 04:17:43,232 INFO [capacityManagement] end correct usage, cost: 0s

2022-05-24 04:17:43,620 WARN clearConfigHistory start

2022-05-24 04:27:43,240 INFO [capacityManagement] start correct usage

2022-05-24 04:27:43,240 INFO [capacityManagement] end correct usage, cost: 0s

2022-05-24 04:27:43,630 WARN clearConfigHistory start

2022-05-24 04:37:43,250 INFO [capacityManagement] start correct usage

2022-05-24 04:37:43,250 INFO [capacityManagement] end correct usage, cost: 0s

2022-05-24 04:37:43,642 WARN clearConfigHistory start

2022-05-24 04:47:43,257 INFO [capacityManagement] start correct usage

2022-05-24 04:47:43,257 INFO [capacityManagement] end correct usage, cost: 0s

2022-05-24 04:47:43,655 WARN clearConfigHistory start

2022-05-24 04:57:43,267 INFO [capacityManagement] start correct usage

2022-05-24 04:57:43,267 INFO [capacityManagement] end correct usage, cost: 0s

2022-05-24 04:57:43,674 WARN clearConfigHistory start

2022-05-24 05:07:43,275 INFO [capacityManagement] start correct usage

2022-05-24 05:07:43,275 INFO [capacityManagement] end correct usage, cost: 0s

2022-05-24 05:07:43,679 WARN clearConfigHistory start

2022-05-24 05:17:43,289 INFO [capacityManagement] start correct usage

2022-05-24 05:17:43,289 INFO [capacityManagement] end correct usage, cost: 0s

2022-05-24 05:17:43,691 WARN clearConfigHistory start

2022-05-24 05:27:43,295 INFO [capacityManagement] start correct usage

2022-05-24 05:27:43,295 INFO [capacityManagement] end correct usage, cost: 0s

2022-05-24 05:27:43,700 WARN clearConfigHistory start

2022-05-24 05:37:43,305 INFO [capacityManagement] start correct usage

2022-05-24 05:37:43,305 INFO [capacityManagement] end correct usage, cost: 0s

2022-05-24 05:37:43,710 WARN clearConfigHistory start

2022-05-24 05:47:43,318 INFO [capacityManagement] start correct usage

2022-05-24 05:47:43,319 INFO [capacityManagement] end correct usage, cost: 0s

2022-05-24 05:47:43,711 WARN clearConfigHistory start

2022-05-24 05:57:43,321 INFO [capacityManagement] start correct usage

2022-05-24 05:57:43,322 INFO [capacityManagement] end correct usage, cost: 0s

2022-05-24 05:57:43,721 WARN clearConfigHistory start

2022-05-24 06:07:43,333 INFO [capacityManagement] start correct usage

2022-05-24 06:07:43,333 INFO [capacityManagement] end correct usage, cost: 0s

2022-05-24 06:07:43,737 WARN clearConfigHistory start

2022-05-24 06:17:43,339 INFO [capacityManagement] start correct usage

2022-05-24 06:17:43,340 INFO [capacityManagement] end correct usage, cost: 0s

2022-05-24 06:17:43,751 WARN clearConfigHistory start

2022-05-24 06:27:43,341 INFO [capacityManagement] start correct usage

2022-05-24 06:27:43,341 INFO [capacityManagement] end correct usage, cost: 0s

2022-05-24 06:27:43,760 WARN clearConfigHistory start

2022-05-24 06:37:43,348 INFO [capacityManagement] start correct usage

2022-05-24 06:37:43,349 INFO [capacityManagement] end correct usage, cost: 0s

2022-05-24 06:37:43,762 WARN clearConfigHistory start

2022-05-24 06:47:43,349 INFO [capacityManagement] start correct usage

2022-05-24 06:47:43,349 INFO [capacityManagement] end correct usage, cost: 0s

2022-05-24 06:47:43,770 WARN clearConfigHistory start

2022-05-24 06:57:43,368 INFO [capacityManagement] start correct usage

2022-05-24 06:57:43,368 INFO [capacityManagement] end correct usage, cost: 0s

2022-05-24 06:57:43,789 WARN clearConfigHistory start

2022-05-24 07:07:43,381 INFO [capacityManagement] start correct usage

2022-05-24 07:07:43,381 INFO [capacityManagement] end correct usage, cost: 0s

2022-05-24 07:07:43,800 WARN clearConfigHistory start

2022-05-24 07:17:43,383 INFO [capacityManagement] start correct usage

2022-05-24 07:17:43,383 INFO [capacityManagement] end correct usage, cost: 0s

2022-05-24 07:17:43,802 WARN clearConfigHistory start

2022-05-24 07:27:43,396 INFO [capacityManagement] start correct usage

2022-05-24 07:27:43,396 INFO [capacityManagement] end correct usage, cost: 0s

2022-05-24 07:27:43,821 WARN clearConfigHistory start

2022-05-24 07:37:43,397 INFO [capacityManagement] start correct usage

2022-05-24 07:37:43,397 INFO [capacityManagement] end correct usage, cost: 0s

2022-05-24 07:37:43,828 WARN clearConfigHistory start

2022-05-24 07:47:43,408 INFO [capacityManagement] start correct usage

2022-05-24 07:47:43,408 INFO [capacityManagement] end correct usage, cost: 0s

2022-05-24 07:47:43,844 WARN clearConfigHistory start

2022-05-24 07:57:43,410 INFO [capacityManagement] start correct usage

2022-05-24 07:57:43,410 INFO [capacityManagement] end correct usage, cost: 0s

2022-05-24 07:57:43,852 WARN clearConfigHistory start

2022-05-24 08:07:43,414 INFO [capacityManagement] start correct usage

2022-05-24 08:07:43,414 INFO [capacityManagement] end correct usage, cost: 0s

2022-05-24 08:07:43,864 WARN clearConfigHistory start

2022-05-24 08:17:43,417 INFO [capacityManagement] start correct usage

2022-05-24 08:17:43,417 INFO [capacityManagement] end correct usage, cost: 0s

2022-05-24 08:17:43,868 WARN clearConfigHistory start

2022-05-24 08:27:43,432 INFO [capacityManagement] start correct usage

2022-05-24 08:27:43,432 INFO [capacityManagement] end correct usage, cost: 0s

2022-05-24 08:27:43,883 WARN clearConfigHistory start

2022-05-24 08:37:43,446 INFO [capacityManagement] start correct usage

2022-05-24 08:37:43,447 INFO [capacityManagement] end correct usage, cost: 0s

2022-05-24 08:37:43,888 WARN clearConfigHistory start

2022-05-24 08:47:43,474 INFO [capacityManagement] start correct usage

2022-05-24 08:47:43,474 INFO [capacityManagement] end correct usage, cost: 0s

2022-05-24 08:47:43,894 WARN clearConfigHistory start

2022-05-24 08:57:43,493 INFO [capacityManagement] start correct usage

2022-05-24 08:57:43,493 INFO [capacityManagement] end correct usage, cost: 0s

2022-05-24 08:57:43,912 WARN clearConfigHistory start

2022-05-24 09:07:43,504 INFO [capacityManagement] start correct usage

2022-05-24 09:07:43,504 INFO [capacityManagement] end correct usage, cost: 0s

2022-05-24 09:07:43,921 WARN clearConfigHistory start

2022-05-24 09:17:43,515 INFO [capacityManagement] start correct usage

2022-05-24 09:17:43,515 INFO [capacityManagement] end correct usage, cost: 0s

2022-05-24 09:17:43,936 WARN clearConfigHistory start

2022-05-24 09:27:43,521 INFO [capacityManagement] start correct usage

2022-05-24 09:27:43,521 INFO [capacityManagement] end correct usage, cost: 0s

2022-05-24 09:27:43,942 WARN clearConfigHistory start

2022-05-24 09:37:43,526 INFO [capacityManagement] start correct usage

2022-05-24 09:37:43,526 INFO [capacityManagement] end correct usage, cost: 0s

2022-05-24 09:37:43,956 WARN clearConfigHistory start

2022-05-24 09:47:43,537 INFO [capacityManagement] start correct usage

2022-05-24 09:47:43,537 INFO [capacityManagement] end correct usage, cost: 0s

2022-05-24 09:47:43,970 WARN clearConfigHistory start

2022-05-24 09:57:43,550 INFO [capacityManagement] start correct usage

2022-05-24 09:57:43,550 INFO [capacityManagement] end correct usage, cost: 0s

2022-05-24 09:57:43,976 WARN clearConfigHistory start

2022-05-24 10:07:43,561 INFO [capacityManagement] start correct usage

2022-05-24 10:07:43,561 INFO [capacityManagement] end correct usage, cost: 0s

2022-05-24 10:07:43,986 WARN clearConfigHistory start

2022-05-24 10:17:43,574 INFO [capacityManagement] start correct usage

2022-05-24 10:17:43,574 INFO [capacityManagement] end correct usage, cost: 0s

2022-05-24 10:17:44,009 WARN clearConfigHistory start

2022-05-24 10:27:43,595 INFO [capacityManagement] start correct usage

2022-05-24 10:27:43,595 INFO [capacityManagement] end correct usage, cost: 0s

2022-05-24 10:27:44,011 WARN clearConfigHistory start

2022-05-24 10:37:43,599 INFO [capacityManagement] start correct usage

2022-05-24 10:37:43,599 INFO [capacityManagement] end correct usage, cost: 0s

2022-05-24 10:37:44,032 WARN clearConfigHistory start

2022-05-24 10:51:16,567 INFO Starting Nacos v1.4.1 on LAPTOP-LICJJGD1 with PID 1300 (E:\workStudy\microService\nacos2\target\nacos-server.jar started by 11813 in E:\workStudy\microService\nacos2\bin)

2022-05-24 10:51:16,568 INFO The following profiles are active: standalone

2022-05-24 10:51:23,536 INFO Bean 'org.springframework.security.access.expression.method.DefaultMethodSecurityExpressionHandler@732d0d24' of type [org.springframework.security.access.expression.method.DefaultMethodSecurityExpressionHandler] is not eligible for getting processed by all BeanPostProcessors (for example: not eligible for auto-proxying)

2022-05-24 10:51:23,545 INFO Bean 'methodSecurityMetadataSource' of type [org.springframework.security.access.method.DelegatingMethodSecurityMetadataSource] is not eligible for getting processed by all BeanPostProcessors (for example: not eligible for auto-proxying)

2022-05-24 10:51:24,759 INFO Tomcat initialized with port(s): 8846 (http)

2022-05-24 10:51:24,831 INFO Starting service [Tomcat]

2022-05-24 10:51:24,832 INFO Starting Servlet engine: [Apache Tomcat/9.0.38]

2022-05-24 10:51:25,469 INFO At least one JAR was scanned for TLDs yet contained no TLDs. Enable debug logging for this logger for a complete list of JARs that were scanned but no TLDs were found in them. Skipping unneeded JARs during scanning can improve startup time and JSP compilation time.

2022-05-24 10:51:25,515 INFO Initializing Spring embedded WebApplicationContext

2022-05-24 10:51:25,515 INFO Root WebApplicationContext: initialization completed in 8830 ms

2022-05-24 10:51:26,032 INFO HikariPool-1 - Starting...

2022-05-24 10:51:26,298 INFO HikariPool-1 - Start completed.

2022-05-24 10:51:27,376 INFO Nacos-related cluster resource initialization

2022-05-24 10:51:27,397 INFO The cluster resource is initialized

2022-05-24 10:51:28,214 INFO Reflections took 77 ms to scan 1 urls, producing 4 keys and 6 values 

2022-05-24 10:51:28,256 INFO Reflections took 8 ms to scan 1 urls, producing 6 keys and 26 values 

2022-05-24 10:51:28,281 INFO Reflections took 7 ms to scan 1 urls, producing 3 keys and 15 values 

2022-05-24 10:51:28,296 INFO Reflections took 2 ms to scan 1 urls, producing 2 keys and 12 values 

2022-05-24 10:51:29,344 INFO Initializing ExecutorService 'applicationTaskExecutor'

2022-05-24 10:51:29,539 INFO Adding welcome page: class path resource [static/index.html]

2022-05-24 10:51:30,395 INFO Creating filter chain: Ant [pattern='/**'], []

2022-05-24 10:51:30,442 INFO Creating filter chain: any request, [org.springframework.security.web.context.request.async.WebAsyncManagerIntegrationFilter@2d72f75e, org.springframework.security.web.context.SecurityContextPersistenceFilter@76318a7d, org.springframework.security.web.header.HeaderWriterFilter@641856, org.springframework.security.web.csrf.CsrfFilter@1a6f2363, org.springframework.security.web.authentication.logout.LogoutFilter@5400db36, org.springframework.security.web.savedrequest.RequestCacheAwareFilter@3277e499, org.springframework.security.web.servletapi.SecurityContextHolderAwareRequestFilter@411341bd, org.springframework.security.web.authentication.AnonymousAuthenticationFilter@8ab78bc, org.springframework.security.web.session.SessionManagementFilter@2f66e802, org.springframework.security.web.access.ExceptionTranslationFilter@5ebd56e9]

2022-05-24 10:51:30,800 INFO Initializing ExecutorService 'taskScheduler'

2022-05-24 10:51:30,829 INFO Exposing 2 endpoint(s) beneath base path '/actuator'

2022-05-24 10:51:31,008 INFO Tomcat started on port(s): 8846 (http) with context path '/nacos'

2022-05-24 10:51:31,025 INFO Started Nacos in 16.7 seconds (JVM running for 17.697)

2022-05-24 10:51:31,026 INFO Nacos started successfully in stand alone mode. use external storage

2022-05-24 11:01:28,536 INFO [capacityManagement] start correct usage

2022-05-24 11:01:28,558 INFO [capacityManagement] end correct usage, cost: 0s

2022-05-24 11:01:28,661 WARN clearConfigHistory start

2022-05-24 11:07:26,460 INFO Starting Nacos v1.4.1 on LAPTOP-LICJJGD1 with PID 22196 (E:\workStudy\microService\nacos2\target\nacos-server.jar started by 11813 in E:\workStudy\microService\nacos2\bin)

2022-05-24 11:07:26,460 INFO The following profiles are active: standalone

2022-05-24 11:07:32,613 INFO Bean 'org.springframework.security.access.expression.method.DefaultMethodSecurityExpressionHandler@50dfbc58' of type [org.springframework.security.access.expression.method.DefaultMethodSecurityExpressionHandler] is not eligible for getting processed by all BeanPostProcessors (for example: not eligible for auto-proxying)

2022-05-24 11:07:32,622 INFO Bean 'methodSecurityMetadataSource' of type [org.springframework.security.access.method.DelegatingMethodSecurityMetadataSource] is not eligible for getting processed by all BeanPostProcessors (for example: not eligible for auto-proxying)

2022-05-24 11:07:33,597 INFO Tomcat initialized with port(s): 8846 (http)

2022-05-24 11:07:33,646 INFO Starting service [Tomcat]

2022-05-24 11:07:33,646 INFO Starting Servlet engine: [Apache Tomcat/9.0.38]

2022-05-24 11:07:34,096 INFO At least one JAR was scanned for TLDs yet contained no TLDs. Enable debug logging for this logger for a complete list of JARs that were scanned but no TLDs were found in them. Skipping unneeded JARs during scanning can improve startup time and JSP compilation time.

2022-05-24 11:07:34,140 INFO Initializing Spring embedded WebApplicationContext

2022-05-24 11:07:34,140 INFO Root WebApplicationContext: initialization completed in 7575 ms

2022-05-24 11:07:34,684 INFO HikariPool-1 - Starting...

2022-05-24 11:07:35,075 INFO HikariPool-1 - Start completed.

2022-05-24 11:07:36,073 INFO Nacos-related cluster resource initialization

2022-05-24 11:07:36,088 INFO The cluster resource is initialized

2022-05-24 11:07:36,851 INFO Reflections took 76 ms to scan 1 urls, producing 4 keys and 6 values 

2022-05-24 11:07:36,921 INFO Reflections took 7 ms to scan 1 urls, producing 6 keys and 26 values 

2022-05-24 11:07:36,965 INFO Reflections took 6 ms to scan 1 urls, producing 3 keys and 15 values 

2022-05-24 11:07:36,986 INFO Reflections took 3 ms to scan 1 urls, producing 2 keys and 12 values 

2022-05-24 11:07:38,116 INFO Initializing ExecutorService 'applicationTaskExecutor'

2022-05-24 11:07:38,356 INFO Adding welcome page: class path resource [static/index.html]

2022-05-24 11:07:39,183 INFO Creating filter chain: Ant [pattern='/**'], []

2022-05-24 11:07:39,225 INFO Creating filter chain: any request, [org.springframework.security.web.context.request.async.WebAsyncManagerIntegrationFilter@7fe083b1, org.springframework.security.web.context.SecurityContextPersistenceFilter@411341bd, org.springframework.security.web.header.HeaderWriterFilter@2a492f2a, org.springframework.security.web.csrf.CsrfFilter@1b58ff9e, org.springframework.security.web.authentication.logout.LogoutFilter@16afbd92, org.springframework.security.web.savedrequest.RequestCacheAwareFilter@5400db36, org.springframework.security.web.servletapi.SecurityContextHolderAwareRequestFilter@8ab78bc, org.springframework.security.web.authentication.AnonymousAuthenticationFilter@23c388c2, org.springframework.security.web.session.SessionManagementFilter@585811a4, org.springframework.security.web.access.ExceptionTranslationFilter@56b78e55]

2022-05-24 11:07:39,505 INFO Initializing ExecutorService 'taskScheduler'

2022-05-24 11:07:39,529 INFO Exposing 2 endpoint(s) beneath base path '/actuator'

2022-05-24 11:07:39,650 INFO Tomcat started on port(s): 8846 (http) with context path '/nacos'

2022-05-24 11:07:39,654 INFO Started Nacos in 15.716 seconds (JVM running for 16.806)

2022-05-24 11:07:39,654 INFO Nacos started successfully in stand alone mode. use external storage

2022-05-24 11:17:37,269 INFO [capacityManagement] start correct usage

2022-05-24 11:17:37,279 INFO [capacityManagement] end correct usage, cost: 0s

2022-05-24 11:17:37,469 WARN clearConfigHistory start

