2022-05-24 10:50:33,775 INFO notifyConnectTimeout:200

2022-05-24 10:50:33,780 INFO notifySocketTimeout:8000

2022-05-24 10:50:33,780 INFO isHealthCheck:true

2022-05-24 10:50:33,780 INFO maxHealthCheckFailCount:12

2022-05-24 10:50:33,780 INFO maxContent:10485760

2022-05-24 10:50:33,780 INFO spring.datasource.platform:mysql

2022-05-24 10:50:43,335 WARN DumpService start

2022-05-24 10:50:43,336 INFO start clear all config-info.

2022-05-24 10:50:43,337 WARN clear all config-info failed.

2022-05-24 10:50:43,337 WARN clear all config-info-tenant failed.

2022-05-24 10:50:43,345 INFO start clear all config-info-beta.

2022-05-24 10:50:43,345 WARN clear all config-info-beta failed.

2022-05-24 10:50:43,346 WARN clear all config-info-beta-tenant failed.

2022-05-24 10:50:43,348 INFO start clear all config-info-tag.

2022-05-24 10:50:43,349 WARN clear all config-info-tag failed.

2022-05-24 10:50:43,349 WARN clear all config-info-tag-tenant failed.

2022-05-24 11:07:37,711 INFO notifyConnectTimeout:200

2022-05-24 11:07:37,718 INFO notifySocketTimeout:8000

2022-05-24 11:07:37,718 INFO isHealthCheck:true

2022-05-24 11:07:37,718 INFO maxHealthCheckFailCount:12

2022-05-24 11:07:37,718 INFO maxContent:10485760

2022-05-24 11:07:37,718 INFO spring.datasource.platform:mysql

2022-05-24 11:07:47,237 WARN DumpService start

2022-05-24 11:07:47,239 INFO start clear all config-info.

2022-05-24 11:07:47,240 WARN clear all config-info failed.

2022-05-24 11:07:47,241 WARN clear all config-info-tenant failed.

2022-05-24 11:07:47,247 INFO start clear all config-info-beta.

2022-05-24 11:07:47,248 WARN clear all config-info-beta failed.

2022-05-24 11:07:47,248 WARN clear all config-info-beta-tenant failed.

2022-05-24 11:07:47,249 INFO start clear all config-info-tag.

2022-05-24 11:07:47,250 WARN clear all config-info-tag failed.

2022-05-24 11:07:47,250 WARN clear all config-info-tag-tenant failed.

