2022-05-24 00:07:42,961 INFO [capacityManagement] start correct usage

2022-05-24 00:07:42,972 INFO [capacityManagement] end correct usage, cost: 0s

2022-05-24 00:07:43,355 WARN clearConfigHistory start

2022-05-24 00:17:42,984 INFO [capacityManagement] start correct usage

2022-05-24 00:17:42,984 INFO [capacityManagement] end correct usage, cost: 0s

2022-05-24 00:17:43,358 WARN clearConfigHistory start

2022-05-24 00:27:42,988 INFO [capacityManagement] start correct usage

2022-05-24 00:27:43,000 INFO [capacityManagement] end correct usage, cost: 0s

2022-05-24 00:27:43,365 WARN clearConfigHistory start

2022-05-24 00:37:43,008 INFO [capacityManagement] start correct usage

2022-05-24 00:37:43,008 INFO [capacityManagement] end correct usage, cost: 0s

2022-05-24 00:37:43,394 WARN clearConfigHistory start

2022-05-24 00:47:43,025 INFO [capacityManagement] start correct usage

2022-05-24 00:47:43,025 INFO [capacityManagement] end correct usage, cost: 0s

2022-05-24 00:47:43,407 WARN clearConfigHistory start

2022-05-24 00:57:43,038 INFO [capacityManagement] start correct usage

2022-05-24 00:57:43,038 INFO [capacityManagement] end correct usage, cost: 0s

2022-05-24 00:57:43,417 WARN clearConfigHistory start

2022-05-24 01:07:43,047 INFO [capacityManagement] start correct usage

2022-05-24 01:07:43,047 INFO [capacityManagement] end correct usage, cost: 0s

2022-05-24 01:07:43,435 WARN clearConfigHistory start

2022-05-24 01:17:43,054 INFO [capacityManagement] start correct usage

2022-05-24 01:17:43,054 INFO [capacityManagement] end correct usage, cost: 0s

2022-05-24 01:17:43,449 WARN clearConfigHistory start

2022-05-24 01:27:43,055 INFO [capacityManagement] start correct usage

2022-05-24 01:27:43,055 INFO [capacityManagement] end correct usage, cost: 0s

2022-05-24 01:27:43,451 WARN clearConfigHistory start

2022-05-24 01:37:43,061 INFO [capacityManagement] start correct usage

2022-05-24 01:37:43,061 INFO [capacityManagement] end correct usage, cost: 0s

2022-05-24 01:37:43,465 WARN clearConfigHistory start

2022-05-24 01:47:43,065 INFO [capacityManagement] start correct usage

2022-05-24 01:47:43,065 INFO [capacityManagement] end correct usage, cost: 0s

2022-05-24 01:47:43,469 WARN clearConfigHistory start

2022-05-24 01:57:43,094 INFO [capacityManagement] start correct usage

2022-05-24 01:57:43,094 INFO [capacityManagement] end correct usage, cost: 0s

2022-05-24 01:57:43,483 WARN clearConfigHistory start

2022-05-24 02:07:43,096 INFO [capacityManagement] start correct usage

2022-05-24 02:07:43,096 INFO [capacityManagement] end correct usage, cost: 0s

2022-05-24 02:07:43,496 WARN clearConfigHistory start

2022-05-24 02:17:43,110 INFO [capacityManagement] start correct usage

2022-05-24 02:17:43,110 INFO [capacityManagement] end correct usage, cost: 0s

2022-05-24 02:17:43,501 WARN clearConfigHistory start

2022-05-24 02:27:43,121 INFO [capacityManagement] start correct usage

2022-05-24 02:27:43,121 INFO [capacityManagement] end correct usage, cost: 0s

2022-05-24 02:27:43,511 WARN clearConfigHistory start

2022-05-24 02:37:43,127 INFO [capacityManagement] start correct usage

2022-05-24 02:37:43,127 INFO [capacityManagement] end correct usage, cost: 0s

2022-05-24 02:37:43,518 WARN clearConfigHistory start

2022-05-24 02:47:43,135 INFO [capacityManagement] start correct usage

2022-05-24 02:47:43,135 INFO [capacityManagement] end correct usage, cost: 0s

2022-05-24 02:47:43,538 WARN clearConfigHistory start

2022-05-24 02:57:43,153 INFO [capacityManagement] start correct usage

2022-05-24 02:57:43,153 INFO [capacityManagement] end correct usage, cost: 0s

2022-05-24 02:57:43,553 WARN clearConfigHistory start

2022-05-24 03:07:43,168 INFO [capacityManagement] start correct usage

2022-05-24 03:07:43,168 INFO [capacityManagement] end correct usage, cost: 0s

2022-05-24 03:07:43,557 WARN clearConfigHistory start

2022-05-24 03:17:43,169 INFO [capacityManagement] start correct usage

2022-05-24 03:17:43,169 INFO [capacityManagement] end correct usage, cost: 0s

2022-05-24 03:17:43,574 WARN clearConfigHistory start

2022-05-24 03:27:43,177 INFO [capacityManagement] start correct usage

2022-05-24 03:27:43,177 INFO [capacityManagement] end correct usage, cost: 0s

2022-05-24 03:27:43,582 WARN clearConfigHistory start

2022-05-24 03:37:43,192 INFO [capacityManagement] start correct usage

2022-05-24 03:37:43,192 INFO [capacityManagement] end correct usage, cost: 0s

2022-05-24 03:37:43,583 WARN clearConfigHistory start

2022-05-24 03:47:43,203 INFO [capacityManagement] start correct usage

2022-05-24 03:47:43,203 INFO [capacityManagement] end correct usage, cost: 0s

2022-05-24 03:47:43,609 WARN clearConfigHistory start

2022-05-24 03:57:43,208 INFO [capacityManagement] start correct usage

2022-05-24 03:57:43,208 INFO [capacityManagement] end correct usage, cost: 0s

2022-05-24 03:57:43,611 WARN clearConfigHistory start

2022-05-24 04:07:43,220 INFO [capacityManagement] start correct usage

2022-05-24 04:07:43,220 INFO [capacityManagement] end correct usage, cost: 0s

2022-05-24 04:07:43,612 WARN clearConfigHistory start

2022-05-24 04:17:43,232 INFO [capacityManagement] start correct usage

2022-05-24 04:17:43,232 INFO [capacityManagement] end correct usage, cost: 0s

2022-05-24 04:17:43,620 WARN clearConfigHistory start

2022-05-24 04:27:43,240 INFO [capacityManagement] start correct usage

2022-05-24 04:27:43,240 INFO [capacityManagement] end correct usage, cost: 0s

2022-05-24 04:27:43,630 WARN clearConfigHistory start

2022-05-24 04:37:43,250 INFO [capacityManagement] start correct usage

2022-05-24 04:37:43,250 INFO [capacityManagement] end correct usage, cost: 0s

2022-05-24 04:37:43,642 WARN clearConfigHistory start

2022-05-24 04:47:43,257 INFO [capacityManagement] start correct usage

2022-05-24 04:47:43,257 INFO [capacityManagement] end correct usage, cost: 0s

2022-05-24 04:47:43,655 WARN clearConfigHistory start

2022-05-24 04:57:43,267 INFO [capacityManagement] start correct usage

2022-05-24 04:57:43,267 INFO [capacityManagement] end correct usage, cost: 0s

2022-05-24 04:57:43,674 WARN clearConfigHistory start

2022-05-24 05:07:43,275 INFO [capacityManagement] start correct usage

2022-05-24 05:07:43,275 INFO [capacityManagement] end correct usage, cost: 0s

2022-05-24 05:07:43,679 WARN clearConfigHistory start

2022-05-24 05:17:43,289 INFO [capacityManagement] start correct usage

2022-05-24 05:17:43,289 INFO [capacityManagement] end correct usage, cost: 0s

2022-05-24 05:17:43,691 WARN clearConfigHistory start

2022-05-24 05:27:43,295 INFO [capacityManagement] start correct usage

2022-05-24 05:27:43,295 INFO [capacityManagement] end correct usage, cost: 0s

2022-05-24 05:27:43,700 WARN clearConfigHistory start

2022-05-24 05:37:43,305 INFO [capacityManagement] start correct usage

2022-05-24 05:37:43,305 INFO [capacityManagement] end correct usage, cost: 0s

2022-05-24 05:37:43,710 WARN clearConfigHistory start

2022-05-24 05:47:43,318 INFO [capacityManagement] start correct usage

2022-05-24 05:47:43,319 INFO [capacityManagement] end correct usage, cost: 0s

2022-05-24 05:47:43,711 WARN clearConfigHistory start

2022-05-24 05:57:43,321 INFO [capacityManagement] start correct usage

2022-05-24 05:57:43,322 INFO [capacityManagement] end correct usage, cost: 0s

2022-05-24 05:57:43,721 WARN clearConfigHistory start

2022-05-24 06:07:43,333 INFO [capacityManagement] start correct usage

2022-05-24 06:07:43,333 INFO [capacityManagement] end correct usage, cost: 0s

2022-05-24 06:07:43,737 WARN clearConfigHistory start

2022-05-24 06:17:43,339 INFO [capacityManagement] start correct usage

2022-05-24 06:17:43,340 INFO [capacityManagement] end correct usage, cost: 0s

2022-05-24 06:17:43,751 WARN clearConfigHistory start

2022-05-24 06:27:43,341 INFO [capacityManagement] start correct usage

2022-05-24 06:27:43,341 INFO [capacityManagement] end correct usage, cost: 0s

2022-05-24 06:27:43,760 WARN clearConfigHistory start

2022-05-24 06:37:43,348 INFO [capacityManagement] start correct usage

2022-05-24 06:37:43,349 INFO [capacityManagement] end correct usage, cost: 0s

2022-05-24 06:37:43,762 WARN clearConfigHistory start

2022-05-24 06:47:43,349 INFO [capacityManagement] start correct usage

2022-05-24 06:47:43,349 INFO [capacityManagement] end correct usage, cost: 0s

2022-05-24 06:47:43,770 WARN clearConfigHistory start

2022-05-24 06:57:43,368 INFO [capacityManagement] start correct usage

2022-05-24 06:57:43,368 INFO [capacityManagement] end correct usage, cost: 0s

2022-05-24 06:57:43,789 WARN clearConfigHistory start

2022-05-24 07:07:43,381 INFO [capacityManagement] start correct usage

2022-05-24 07:07:43,381 INFO [capacityManagement] end correct usage, cost: 0s

2022-05-24 07:07:43,800 WARN clearConfigHistory start

2022-05-24 07:17:43,383 INFO [capacityManagement] start correct usage

2022-05-24 07:17:43,383 INFO [capacityManagement] end correct usage, cost: 0s

2022-05-24 07:17:43,802 WARN clearConfigHistory start

2022-05-24 07:27:43,396 INFO [capacityManagement] start correct usage

2022-05-24 07:27:43,396 INFO [capacityManagement] end correct usage, cost: 0s

2022-05-24 07:27:43,821 WARN clearConfigHistory start

2022-05-24 07:37:43,397 INFO [capacityManagement] start correct usage

2022-05-24 07:37:43,397 INFO [capacityManagement] end correct usage, cost: 0s

2022-05-24 07:37:43,828 WARN clearConfigHistory start

2022-05-24 07:47:43,408 INFO [capacityManagement] start correct usage

2022-05-24 07:47:43,408 INFO [capacityManagement] end correct usage, cost: 0s

2022-05-24 07:47:43,844 WARN clearConfigHistory start

2022-05-24 07:57:43,410 INFO [capacityManagement] start correct usage

2022-05-24 07:57:43,410 INFO [capacityManagement] end correct usage, cost: 0s

2022-05-24 07:57:43,852 WARN clearConfigHistory start

2022-05-24 08:07:43,414 INFO [capacityManagement] start correct usage

2022-05-24 08:07:43,414 INFO [capacityManagement] end correct usage, cost: 0s

2022-05-24 08:07:43,864 WARN clearConfigHistory start

2022-05-24 08:17:43,417 INFO [capacityManagement] start correct usage

2022-05-24 08:17:43,417 INFO [capacityManagement] end correct usage, cost: 0s

2022-05-24 08:17:43,868 WARN clearConfigHistory start

2022-05-24 08:27:43,432 INFO [capacityManagement] start correct usage

2022-05-24 08:27:43,432 INFO [capacityManagement] end correct usage, cost: 0s

2022-05-24 08:27:43,883 WARN clearConfigHistory start

2022-05-24 08:37:43,446 INFO [capacityManagement] start correct usage

2022-05-24 08:37:43,447 INFO [capacityManagement] end correct usage, cost: 0s

2022-05-24 08:37:43,888 WARN clearConfigHistory start

2022-05-24 08:47:43,474 INFO [capacityManagement] start correct usage

2022-05-24 08:47:43,474 INFO [capacityManagement] end correct usage, cost: 0s

2022-05-24 08:47:43,894 WARN clearConfigHistory start

2022-05-24 08:57:43,493 INFO [capacityManagement] start correct usage

2022-05-24 08:57:43,493 INFO [capacityManagement] end correct usage, cost: 0s

2022-05-24 08:57:43,912 WARN clearConfigHistory start

2022-05-24 09:07:43,504 INFO [capacityManagement] start correct usage

2022-05-24 09:07:43,504 INFO [capacityManagement] end correct usage, cost: 0s

2022-05-24 09:07:43,921 WARN clearConfigHistory start

2022-05-24 09:17:43,515 INFO [capacityManagement] start correct usage

2022-05-24 09:17:43,515 INFO [capacityManagement] end correct usage, cost: 0s

2022-05-24 09:17:43,936 WARN clearConfigHistory start

2022-05-24 09:27:43,521 INFO [capacityManagement] start correct usage

2022-05-24 09:27:43,521 INFO [capacityManagement] end correct usage, cost: 0s

2022-05-24 09:27:43,942 WARN clearConfigHistory start

2022-05-24 09:37:43,526 INFO [capacityManagement] start correct usage

2022-05-24 09:37:43,526 INFO [capacityManagement] end correct usage, cost: 0s

2022-05-24 09:37:43,956 WARN clearConfigHistory start

2022-05-24 09:47:43,537 INFO [capacityManagement] start correct usage

2022-05-24 09:47:43,537 INFO [capacityManagement] end correct usage, cost: 0s

2022-05-24 09:47:43,970 WARN clearConfigHistory start

2022-05-24 09:57:43,550 INFO [capacityManagement] start correct usage

2022-05-24 09:57:43,550 INFO [capacityManagement] end correct usage, cost: 0s

2022-05-24 09:57:43,976 WARN clearConfigHistory start

2022-05-24 10:07:43,561 INFO [capacityManagement] start correct usage

2022-05-24 10:07:43,561 INFO [capacityManagement] end correct usage, cost: 0s

2022-05-24 10:07:43,986 WARN clearConfigHistory start

2022-05-24 10:17:43,574 INFO [capacityManagement] start correct usage

2022-05-24 10:17:43,574 INFO [capacityManagement] end correct usage, cost: 0s

2022-05-24 10:17:44,009 WARN clearConfigHistory start

2022-05-24 10:27:43,595 INFO [capacityManagement] start correct usage

2022-05-24 10:27:43,595 INFO [capacityManagement] end correct usage, cost: 0s

2022-05-24 10:27:44,011 WARN clearConfigHistory start

2022-05-24 10:37:43,599 INFO [capacityManagement] start correct usage

2022-05-24 10:37:43,599 INFO [capacityManagement] end correct usage, cost: 0s

2022-05-24 10:37:44,032 WARN clearConfigHistory start

2022-05-24 10:50:33,788 INFO Starting Nacos v1.4.1 on LAPTOP-LICJJGD1 with PID 14352 (E:\workStudy\microService\nacos3\target\nacos-server.jar started by 11813 in E:\workStudy\microService\nacos3\bin)

2022-05-24 10:50:33,789 INFO The following profiles are active: standalone

2022-05-24 10:50:39,178 INFO Bean 'org.springframework.security.access.expression.method.DefaultMethodSecurityExpressionHandler@75d2da2d' of type [org.springframework.security.access.expression.method.DefaultMethodSecurityExpressionHandler] is not eligible for getting processed by all BeanPostProcessors (for example: not eligible for auto-proxying)

2022-05-24 10:50:39,185 INFO Bean 'methodSecurityMetadataSource' of type [org.springframework.security.access.method.DelegatingMethodSecurityMetadataSource] is not eligible for getting processed by all BeanPostProcessors (for example: not eligible for auto-proxying)

2022-05-24 10:50:40,115 INFO Tomcat initialized with port(s): 8847 (http)

2022-05-24 10:50:40,154 INFO Starting service [Tomcat]

2022-05-24 10:50:40,154 INFO Starting Servlet engine: [Apache Tomcat/9.0.38]

2022-05-24 10:50:40,602 INFO At least one JAR was scanned for TLDs yet contained no TLDs. Enable debug logging for this logger for a complete list of JARs that were scanned but no TLDs were found in them. Skipping unneeded JARs during scanning can improve startup time and JSP compilation time.

2022-05-24 10:50:40,645 INFO Initializing Spring embedded WebApplicationContext

2022-05-24 10:50:40,645 INFO Root WebApplicationContext: initialization completed in 6781 ms

2022-05-24 10:50:41,092 INFO HikariPool-1 - Starting...

2022-05-24 10:50:41,358 INFO HikariPool-1 - Start completed.

2022-05-24 10:50:42,324 INFO Nacos-related cluster resource initialization

2022-05-24 10:50:42,345 INFO The cluster resource is initialized

2022-05-24 10:50:43,006 INFO Reflections took 53 ms to scan 1 urls, producing 4 keys and 6 values 

2022-05-24 10:50:43,038 INFO Reflections took 4 ms to scan 1 urls, producing 6 keys and 26 values 

2022-05-24 10:50:43,057 INFO Reflections took 4 ms to scan 1 urls, producing 3 keys and 15 values 

2022-05-24 10:50:43,070 INFO Reflections took 2 ms to scan 1 urls, producing 2 keys and 12 values 

2022-05-24 10:50:43,930 INFO Initializing ExecutorService 'applicationTaskExecutor'

2022-05-24 10:50:44,161 INFO Adding welcome page: class path resource [static/index.html]

2022-05-24 10:50:45,267 INFO Creating filter chain: Ant [pattern='/**'], []

2022-05-24 10:50:45,312 INFO Creating filter chain: any request, [org.springframework.security.web.context.request.async.WebAsyncManagerIntegrationFilter@5a021cb9, org.springframework.security.web.context.SecurityContextPersistenceFilter@6d6bc158, org.springframework.security.web.header.HeaderWriterFilter@13006998, org.springframework.security.web.csrf.CsrfFilter@4d411036, org.springframework.security.web.authentication.logout.LogoutFilter@263f04ca, org.springframework.security.web.savedrequest.RequestCacheAwareFilter@10027fc9, org.springframework.security.web.servletapi.SecurityContextHolderAwareRequestFilter@fff25f1, org.springframework.security.web.authentication.AnonymousAuthenticationFilter@51768776, org.springframework.security.web.session.SessionManagementFilter@352c308, org.springframework.security.web.access.ExceptionTranslationFilter@41beb473]

2022-05-24 10:50:45,438 INFO Initializing ExecutorService 'taskScheduler'

2022-05-24 10:50:45,640 INFO Exposing 2 endpoint(s) beneath base path '/actuator'

2022-05-24 10:50:45,761 INFO Tomcat started on port(s): 8847 (http) with context path '/nacos'

2022-05-24 10:50:45,765 INFO Started Nacos in 14.095 seconds (JVM running for 15.026)

2022-05-24 10:50:45,766 INFO Nacos started successfully in stand alone mode. use external storage

2022-05-24 11:00:43,266 INFO [capacityManagement] start correct usage

2022-05-24 11:00:43,291 INFO [capacityManagement] end correct usage, cost: 0s

2022-05-24 11:00:43,388 WARN clearConfigHistory start

2022-05-24 11:07:37,728 INFO Starting Nacos v1.4.1 on LAPTOP-LICJJGD1 with PID 9332 (E:\workStudy\microService\nacos3\target\nacos-server.jar started by 11813 in E:\workStudy\microService\nacos3\bin)

2022-05-24 11:07:37,728 INFO The following profiles are active: standalone

2022-05-24 11:07:43,216 INFO Bean 'org.springframework.security.access.expression.method.DefaultMethodSecurityExpressionHandler@73a8da0f' of type [org.springframework.security.access.expression.method.DefaultMethodSecurityExpressionHandler] is not eligible for getting processed by all BeanPostProcessors (for example: not eligible for auto-proxying)

2022-05-24 11:07:43,222 INFO Bean 'methodSecurityMetadataSource' of type [org.springframework.security.access.method.DelegatingMethodSecurityMetadataSource] is not eligible for getting processed by all BeanPostProcessors (for example: not eligible for auto-proxying)

2022-05-24 11:07:44,148 INFO Tomcat initialized with port(s): 8847 (http)

2022-05-24 11:07:44,184 INFO Starting service [Tomcat]

2022-05-24 11:07:44,185 INFO Starting Servlet engine: [Apache Tomcat/9.0.38]

2022-05-24 11:07:44,619 INFO At least one JAR was scanned for TLDs yet contained no TLDs. Enable debug logging for this logger for a complete list of JARs that were scanned but no TLDs were found in them. Skipping unneeded JARs during scanning can improve startup time and JSP compilation time.

2022-05-24 11:07:44,663 INFO Initializing Spring embedded WebApplicationContext

2022-05-24 11:07:44,663 INFO Root WebApplicationContext: initialization completed in 6839 ms

2022-05-24 11:07:45,127 INFO HikariPool-1 - Starting...

2022-05-24 11:07:45,371 INFO HikariPool-1 - Start completed.

2022-05-24 11:07:46,247 INFO Nacos-related cluster resource initialization

2022-05-24 11:07:46,261 INFO The cluster resource is initialized

2022-05-24 11:07:46,909 INFO Reflections took 49 ms to scan 1 urls, producing 4 keys and 6 values 

2022-05-24 11:07:46,941 INFO Reflections took 5 ms to scan 1 urls, producing 6 keys and 26 values 

2022-05-24 11:07:46,960 INFO Reflections took 5 ms to scan 1 urls, producing 3 keys and 15 values 

2022-05-24 11:07:46,974 INFO Reflections took 2 ms to scan 1 urls, producing 2 keys and 12 values 

2022-05-24 11:07:47,776 INFO Initializing ExecutorService 'applicationTaskExecutor'

2022-05-24 11:07:47,942 INFO Adding welcome page: class path resource [static/index.html]

2022-05-24 11:07:48,678 INFO Creating filter chain: Ant [pattern='/**'], []

2022-05-24 11:07:48,722 INFO Creating filter chain: any request, [org.springframework.security.web.context.request.async.WebAsyncManagerIntegrationFilter@4d411036, org.springframework.security.web.context.SecurityContextPersistenceFilter@74f7d1d2, org.springframework.security.web.header.HeaderWriterFilter@7fe083b1, org.springframework.security.web.csrf.CsrfFilter@8ab78bc, org.springframework.security.web.authentication.logout.LogoutFilter@2db2dd9d, org.springframework.security.web.savedrequest.RequestCacheAwareFilter@5ca17ab0, org.springframework.security.web.servletapi.SecurityContextHolderAwareRequestFilter@35293c05, org.springframework.security.web.authentication.AnonymousAuthenticationFilter@7adbd080, org.springframework.security.web.session.SessionManagementFilter@486be205, org.springframework.security.web.access.ExceptionTranslationFilter@16afbd92]

2022-05-24 11:07:49,045 INFO Initializing ExecutorService 'taskScheduler'

2022-05-24 11:07:49,073 INFO Exposing 2 endpoint(s) beneath base path '/actuator'

2022-05-24 11:07:49,205 INFO Tomcat started on port(s): 8847 (http) with context path '/nacos'

2022-05-24 11:07:49,210 INFO Started Nacos in 13.797 seconds (JVM running for 14.907)

2022-05-24 11:07:49,210 INFO Nacos started successfully in stand alone mode. use external storage

2022-05-24 11:17:47,160 INFO [capacityManagement] start correct usage

2022-05-24 11:17:47,168 INFO [capacityManagement] end correct usage, cost: 0s

2022-05-24 11:17:47,269 WARN clearConfigHistory start

