2022-05-24 00:03:13,522 INFO PERFORMANCE:|2|4|-1|-1

2022-05-24 00:08:13,540 INFO PERFORMANCE:|2|4|-1|-1

2022-05-24 00:13:13,544 INFO PERFORMANCE:|2|4|-1|-1

2022-05-24 00:18:13,555 INFO PERFORMANCE:|2|4|-1|-1

2022-05-24 00:23:13,564 INFO PERFORMANCE:|2|4|-1|-1

2022-05-24 00:28:13,567 INFO PERFORMANCE:|2|4|-1|-1

2022-05-24 00:33:13,578 INFO PERFORMANCE:|2|4|-1|-1

2022-05-24 00:38:13,581 INFO PERFORMANCE:|2|4|-1|-1

2022-05-24 00:43:13,597 INFO PERFORMANCE:|2|4|-1|-1

2022-05-24 00:48:13,598 INFO PERFORMANCE:|2|4|-1|-1

2022-05-24 00:53:13,603 INFO PERFORMANCE:|2|4|-1|-1

2022-05-24 00:58:13,618 INFO PERFORMANCE:|2|4|-1|-1

2022-05-24 01:03:13,624 INFO PERFORMANCE:|2|4|-1|-1

2022-05-24 01:08:13,644 INFO PERFORMANCE:|2|4|-1|-1

2022-05-24 01:13:13,654 INFO PERFORMANCE:|2|4|-1|-1

2022-05-24 01:18:13,657 INFO PERFORMANCE:|2|4|-1|-1

2022-05-24 01:23:13,669 INFO PERFORMANCE:|2|4|-1|-1

2022-05-24 01:28:13,681 INFO PERFORMANCE:|2|4|-1|-1

2022-05-24 01:33:13,690 INFO PERFORMANCE:|2|4|-1|-1

2022-05-24 01:38:13,696 INFO PERFORMANCE:|2|4|-1|-1

2022-05-24 01:43:13,702 INFO PERFORMANCE:|2|4|-1|-1

2022-05-24 01:48:13,717 INFO PERFORMANCE:|2|4|-1|-1

2022-05-24 01:53:13,728 INFO PERFORMANCE:|2|4|-1|-1

2022-05-24 01:58:13,740 INFO PERFORMANCE:|2|4|-1|-1

2022-05-24 02:03:13,746 INFO PERFORMANCE:|2|4|-1|-1

2022-05-24 02:08:13,752 INFO PERFORMANCE:|2|4|-1|-1

2022-05-24 02:13:13,758 INFO PERFORMANCE:|2|4|-1|-1

2022-05-24 02:18:13,767 INFO PERFORMANCE:|2|4|-1|-1

2022-05-24 02:23:13,777 INFO PERFORMANCE:|2|4|-1|-1

2022-05-24 02:28:13,788 INFO PERFORMANCE:|2|4|-1|-1

2022-05-24 02:33:13,807 INFO PERFORMANCE:|2|4|-1|-1

2022-05-24 02:38:13,819 INFO PERFORMANCE:|2|4|-1|-1

2022-05-24 02:43:13,824 INFO PERFORMANCE:|2|4|-1|-1

2022-05-24 02:48:13,834 INFO PERFORMANCE:|2|4|-1|-1

2022-05-24 02:53:13,849 INFO PERFORMANCE:|2|4|-1|-1

2022-05-24 02:58:13,865 INFO PERFORMANCE:|2|4|-1|-1

2022-05-24 03:03:13,892 INFO PERFORMANCE:|2|4|-1|-1

2022-05-24 03:08:13,904 INFO PERFORMANCE:|2|4|-1|-1

2022-05-24 03:13:13,916 INFO PERFORMANCE:|2|4|-1|-1

2022-05-24 03:18:13,923 INFO PERFORMANCE:|2|4|-1|-1

2022-05-24 03:23:13,932 INFO PERFORMANCE:|2|4|-1|-1

2022-05-24 03:28:13,942 INFO PERFORMANCE:|2|4|-1|-1

2022-05-24 03:33:13,957 INFO PERFORMANCE:|2|4|-1|-1

2022-05-24 03:38:13,965 INFO PERFORMANCE:|2|4|-1|-1

2022-05-24 03:43:13,968 INFO PERFORMANCE:|2|4|-1|-1

2022-05-24 03:48:13,978 INFO PERFORMANCE:|2|4|-1|-1

2022-05-24 03:53:13,991 INFO PERFORMANCE:|2|4|-1|-1

2022-05-24 03:58:13,995 INFO PERFORMANCE:|2|4|-1|-1

2022-05-24 04:03:14,006 INFO PERFORMANCE:|2|4|-1|-1

2022-05-24 04:08:14,020 INFO PERFORMANCE:|2|4|-1|-1

2022-05-24 04:13:14,024 INFO PERFORMANCE:|2|4|-1|-1

2022-05-24 04:18:14,034 INFO PERFORMANCE:|2|4|-1|-1

2022-05-24 04:23:14,041 INFO PERFORMANCE:|2|4|-1|-1

2022-05-24 04:28:14,045 INFO PERFORMANCE:|2|4|-1|-1

2022-05-24 04:33:14,056 INFO PERFORMANCE:|2|4|-1|-1

2022-05-24 04:38:14,061 INFO PERFORMANCE:|2|4|-1|-1

2022-05-24 04:43:14,065 INFO PERFORMANCE:|2|4|-1|-1

2022-05-24 04:48:14,079 INFO PERFORMANCE:|2|4|-1|-1

2022-05-24 04:53:14,081 INFO PERFORMANCE:|2|4|-1|-1

2022-05-24 04:58:14,086 INFO PERFORMANCE:|2|4|-1|-1

2022-05-24 05:03:14,090 INFO PERFORMANCE:|2|4|-1|-1

2022-05-24 05:08:14,098 INFO PERFORMANCE:|2|4|-1|-1

2022-05-24 05:13:14,113 INFO PERFORMANCE:|2|4|-1|-1

2022-05-24 05:18:14,124 INFO PERFORMANCE:|2|4|-1|-1

2022-05-24 05:23:14,137 INFO PERFORMANCE:|2|4|-1|-1

2022-05-24 05:28:14,147 INFO PERFORMANCE:|2|4|-1|-1

2022-05-24 05:33:14,157 INFO PERFORMANCE:|2|4|-1|-1

2022-05-24 05:38:14,175 INFO PERFORMANCE:|2|4|-1|-1

2022-05-24 05:43:14,180 INFO PERFORMANCE:|2|4|-1|-1

2022-05-24 05:48:14,189 INFO PERFORMANCE:|2|4|-1|-1

2022-05-24 05:53:14,199 INFO PERFORMANCE:|2|4|-1|-1

2022-05-24 05:58:14,213 INFO PERFORMANCE:|2|4|-1|-1

2022-05-24 06:03:14,215 INFO PERFORMANCE:|2|4|-1|-1

2022-05-24 06:08:14,217 INFO PERFORMANCE:|2|4|-1|-1

2022-05-24 06:13:14,225 INFO PERFORMANCE:|2|4|-1|-1

2022-05-24 06:18:14,230 INFO PERFORMANCE:|2|4|-1|-1

2022-05-24 06:23:14,244 INFO PERFORMANCE:|2|4|-1|-1

2022-05-24 06:28:14,245 INFO PERFORMANCE:|2|4|-1|-1

2022-05-24 06:33:14,257 INFO PERFORMANCE:|2|4|-1|-1

2022-05-24 06:38:14,270 INFO PERFORMANCE:|2|4|-1|-1

2022-05-24 06:43:14,280 INFO PERFORMANCE:|2|4|-1|-1

2022-05-24 06:48:14,286 INFO PERFORMANCE:|2|4|-1|-1

2022-05-24 06:53:14,291 INFO PERFORMANCE:|2|4|-1|-1

2022-05-24 06:58:14,295 INFO PERFORMANCE:|2|4|-1|-1

2022-05-24 07:03:14,298 INFO PERFORMANCE:|2|4|-1|-1

2022-05-24 07:08:14,308 INFO PERFORMANCE:|2|4|-1|-1

2022-05-24 07:13:14,323 INFO PERFORMANCE:|2|4|-1|-1

2022-05-24 07:18:14,333 INFO PERFORMANCE:|2|4|-1|-1

2022-05-24 07:23:14,348 INFO PERFORMANCE:|2|4|-1|-1

2022-05-24 07:28:14,356 INFO PERFORMANCE:|2|4|-1|-1

2022-05-24 07:33:14,365 INFO PERFORMANCE:|2|4|-1|-1

2022-05-24 07:38:14,379 INFO PERFORMANCE:|2|4|-1|-1

2022-05-24 07:43:14,392 INFO PERFORMANCE:|2|4|-1|-1

2022-05-24 07:48:14,396 INFO PERFORMANCE:|2|4|-1|-1

2022-05-24 07:53:14,411 INFO PERFORMANCE:|2|4|-1|-1

2022-05-24 07:58:14,416 INFO PERFORMANCE:|2|4|-1|-1

2022-05-24 08:03:14,424 INFO PERFORMANCE:|2|4|-1|-1

2022-05-24 08:08:14,433 INFO PERFORMANCE:|2|4|-1|-1

2022-05-24 08:13:14,437 INFO PERFORMANCE:|2|4|-1|-1

2022-05-24 08:18:14,438 INFO PERFORMANCE:|2|4|-1|-1

2022-05-24 08:23:14,442 INFO PERFORMANCE:|2|4|-1|-1

2022-05-24 08:28:14,446 INFO PERFORMANCE:|2|4|-1|-1

2022-05-24 08:33:14,457 INFO PERFORMANCE:|2|4|-1|-1

2022-05-24 08:38:14,464 INFO PERFORMANCE:|2|4|-1|-1

2022-05-24 08:43:14,467 INFO PERFORMANCE:|2|4|-1|-1

2022-05-24 08:48:14,470 INFO PERFORMANCE:|2|4|-1|-1

2022-05-24 08:53:14,473 INFO PERFORMANCE:|2|4|-1|-1

2022-05-24 08:58:14,479 INFO PERFORMANCE:|2|4|-1|-1

2022-05-24 09:03:14,493 INFO PERFORMANCE:|2|4|-1|-1

2022-05-24 09:08:14,507 INFO PERFORMANCE:|2|4|-1|-1

2022-05-24 09:13:14,515 INFO PERFORMANCE:|2|4|-1|-1

2022-05-24 09:18:14,536 INFO PERFORMANCE:|2|4|-1|-1

2022-05-24 09:23:14,543 INFO PERFORMANCE:|2|4|-1|-1

2022-05-24 09:28:14,547 INFO PERFORMANCE:|2|4|-1|-1

2022-05-24 09:33:14,557 INFO PERFORMANCE:|2|4|-1|-1

2022-05-24 09:38:14,570 INFO PERFORMANCE:|2|4|-1|-1

2022-05-24 09:43:14,585 INFO PERFORMANCE:|2|4|-1|-1

2022-05-24 09:48:14,593 INFO PERFORMANCE:|2|4|-1|-1

2022-05-24 09:53:14,617 INFO PERFORMANCE:|1|1|-1|-1

2022-05-24 09:58:14,618 INFO PERFORMANCE:|1|1|-1|-1

2022-05-24 10:03:14,628 INFO PERFORMANCE:|1|1|-1|-1

2022-05-24 10:08:14,651 INFO PERFORMANCE:|2|2|-1|-1

2022-05-24 10:13:14,655 INFO PERFORMANCE:|2|2|-1|-1

2022-05-24 10:18:14,664 INFO PERFORMANCE:|2|2|-1|-1

2022-05-24 10:23:14,668 INFO PERFORMANCE:|2|2|-1|-1

2022-05-24 10:28:14,675 INFO PERFORMANCE:|2|2|-1|-1

2022-05-24 10:33:14,682 INFO PERFORMANCE:|2|3|-1|-1

2022-05-24 10:38:14,704 INFO PERFORMANCE:|2|3|-1|-1

2022-05-24 10:43:14,709 INFO PERFORMANCE:|2|3|-1|-1

2022-05-24 10:48:14,716 INFO PERFORMANCE:|2|3|-1|-1

2022-05-24 10:53:14,723 INFO PERFORMANCE:|2|3|-1|-1

2022-05-24 10:58:14,749 INFO PERFORMANCE:|2|3|-1|-1

2022-05-24 11:03:14,764 INFO PERFORMANCE:|2|3|-1|-1

